<?xml version="1.0" encoding="UTF-8"?>
<!-- Generated by org.testng.reporters.JUnitReportReporter -->
<testsuite hostname="LAPTOP-3SEJI52O" failures="0" tests="2" name="salesforce.CreateOpportunities" time="66.690" errors="0" timestamp="2022-11-09T20:31:57 IST" skipped="0">
  <testcase classname="salesforce.CreateOpportunities" name="createopportunity" time="29.181"/>
  <system-out/>
  <testcase classname="salesforce.CreateOpportunities" name="createopportunity" time="37.509"/>
  <system-out/>
</testsuite> <!-- salesforce.CreateOpportunities -->
