<?xml version="1.0" encoding="UTF-8"?>
<!-- Generated by org.testng.reporters.JUnitReportReporter -->
<testsuite hostname="LAPTOP-3SEJI52O" failures="0" tests="2" name="salesforce.CreateQuestions" time="62.924" errors="0" timestamp="2022-11-09T20:31:57 IST" skipped="0">
  <testcase classname="salesforce.CreateQuestions" name="createquest" time="23.535"/>
  <system-out/>
  <testcase classname="salesforce.CreateQuestions" name="createquest" time="39.389"/>
  <system-out/>
</testsuite> <!-- salesforce.CreateQuestions -->
