<?xml version="1.0" encoding="UTF-8"?>
<!-- Generated by org.testng.reporters.JUnitReportReporter -->
<testsuite hostname="LAPTOP-3SEJI52O" failures="0" tests="1" name="salesforce.CreateQuest" time="19.148" errors="0" timestamp="2022-11-09T12:07:26 IST" skipped="0">
  <testcase classname="salesforce.CreateQuest" name="createquestion" time="19.148"/>
  <system-out/>
</testsuite> <!-- salesforce.CreateQuest -->
